d:\vsprojects\windows8sdk\acrcloudwinphone8sdk\arm\release\acrcloudextrdllcom\acrcloudextrdllcom.winmd
d:\vsprojects\windows8sdk\acrcloudwinphone8sdk\arm\release\acrcloudextrdllcom\acrcloudextrdllcom.lib
d:\vsprojects\windows8sdk\acrcloudwinphone8sdk\arm\release\acrcloudextrdllcom\acrcloudextrdllcom.exp
d:\vsprojects\windows8sdk\acrcloudwinphone8sdk\acrcloudextrdllcom\arm\release\acrcloudextrdllcom.vcxprojresolveassemblyreference.cache
d:\vsprojects\windows8sdk\acrcloudwinphone8sdk\acrcloudextrdllcom\arm\release\priconfig.xml
d:\vsprojects\windows8sdk\acrcloudwinphone8sdk\acrcloudextrdllcom\arm\release\priconfig.xml.intermediate
d:\vsprojects\windows8sdk\acrcloudwinphone8sdk\acrcloudextrdllcom\arm\release\layout.resfiles
d:\vsprojects\windows8sdk\acrcloudwinphone8sdk\acrcloudextrdllcom\arm\release\layout.resfiles.intermediate
d:\vsprojects\windows8sdk\acrcloudwinphone8sdk\acrcloudextrdllcom\arm\release\resources.resfiles
d:\vsprojects\windows8sdk\acrcloudwinphone8sdk\acrcloudextrdllcom\arm\release\resources.resfiles.intermediate
d:\vsprojects\windows8sdk\acrcloudwinphone8sdk\acrcloudextrdllcom\arm\release\pri.resfiles
d:\vsprojects\windows8sdk\acrcloudwinphone8sdk\acrcloudextrdllcom\arm\release\pri.resfiles.intermediate
d:\vsprojects\windows8sdk\acrcloudwinphone8sdk\arm\release\acrcloudextrdllcom\acrcloudextrdllcom.pri
d:\vsprojects\windows8sdk\acrcloudwinphone8sdk\acrcloudextrdllcom\arm\release\qualifiers.txt
d:\vsprojects\windows8sdk\acrcloudwinphone8sdk\acrcloudextrdllcom\arm\release\qualifiers.txt.intermediate
d:\vsprojects\windows8sdk\acrcloudwinphone8sdk\acrcloudextrdllcom\arm\release\multiplequalifiersperdimensionfound.txt
d:\vsprojects\windows8sdk\acrcloudwinphone8sdk\acrcloudextrdllcom\arm\release\pch.pch
d:\vsprojects\windows8sdk\acrcloudwinphone8sdk\acrcloudextrdllcom\arm\release\vc120.pdb
d:\vsprojects\windows8sdk\acrcloudwinphone8sdk\acrcloudextrdllcom\arm\release\pch.obj
d:\vsprojects\windows8sdk\acrcloudwinphone8sdk\acrcloudextrdllcom\arm\release\acrcloudextrtool.obj
d:\vsprojects\windows8sdk\acrcloudwinphone8sdk\arm\release\acrcloudextrdllcom\acrcloudextrdllcom.dll
d:\vsprojects\windows8sdk\acrcloudwinphone8sdk\arm\release\acrcloudextrdllcom\acrcloudextrdllcom.pdb
d:\vsprojects\windows8sdk\acrcloudwinphone8sdk\acrcloudextrdllcom\arm\release\acrcloud.f20d0d6c.tlog\acrcloudextrdllcom.read.1u.tlog
d:\vsprojects\windows8sdk\acrcloudwinphone8sdk\acrcloudextrdllcom\arm\release\acrcloud.f20d0d6c.tlog\acrcloudextrdllcom.write.1u.tlog
d:\vsprojects\windows8sdk\acrcloudwinphone8sdk\acrcloudextrdllcom\arm\release\acrcloud.f20d0d6c.tlog\cl.command.1.tlog
d:\vsprojects\windows8sdk\acrcloudwinphone8sdk\acrcloudextrdllcom\arm\release\acrcloud.f20d0d6c.tlog\cl.read.1.tlog
d:\vsprojects\windows8sdk\acrcloudwinphone8sdk\acrcloudextrdllcom\arm\release\acrcloud.f20d0d6c.tlog\cl.write.1.tlog
d:\vsprojects\windows8sdk\acrcloudwinphone8sdk\acrcloudextrdllcom\arm\release\acrcloud.f20d0d6c.tlog\link.command.1.tlog
d:\vsprojects\windows8sdk\acrcloudwinphone8sdk\acrcloudextrdllcom\arm\release\acrcloud.f20d0d6c.tlog\link.read.1.tlog
d:\vsprojects\windows8sdk\acrcloudwinphone8sdk\acrcloudextrdllcom\arm\release\acrcloud.f20d0d6c.tlog\link.write.1.tlog
